Build started 1/23/2016 11:48:12 PM.
     1>Project "C:\Users\arabm\Desktop\4 Uni\C++ Project\filtre de chebyshev +++\filtre de chebychev +++\filtre de chebychev +++\filtre de chebychev +++.vcxproj" on node 2 (Rebuild target(s)).
     1>ClCompile:
         C:\Program Files (x86)\Microsoft Visual Studio 14.0\VC\bin\CL.exe /c /ZI /nologo /W3 /WX- /sdl /Od /Oy- /D _MBCS /Gm /EHsc /RTC1 /MDd /GS /fp:precise /Zc:wchar_t /Zc:forScope /Zc:inline /Fo"Debug\\" /Fd"Debug\vc140.pdb" /Gd /TP /analyze- /errorReport:prompt 0001.cpp
         0001.cpp
     1>c:\users\arabm\desktop\4 uni\c++ project\filtre de chebyshev +++\filtre de chebychev +++\filtre de chebychev +++\0001.cpp(7): warning C4305: 'initializing': truncation from 'double' to 'float'
     1>c:\users\arabm\desktop\4 uni\c++ project\filtre de chebyshev +++\filtre de chebychev +++\filtre de chebychev +++\0001.cpp(95): warning C4244: '=': conversion from 'double' to 'float', possible loss of data
     1>c:\users\arabm\desktop\4 uni\c++ project\filtre de chebyshev +++\filtre de chebychev +++\filtre de chebychev +++\0001.cpp(99): warning C4244: '=': conversion from 'float' to 'int', possible loss of data
     1>c:\users\arabm\desktop\4 uni\c++ project\filtre de chebyshev +++\filtre de chebychev +++\filtre de chebychev +++\0001.cpp(101): warning C4244: '=': conversion from 'float' to 'int', possible loss of data
     1>c:\users\arabm\desktop\4 uni\c++ project\filtre de chebyshev +++\filtre de chebychev +++\filtre de chebychev +++\0001.cpp(111): warning C4244: 'argument': conversion from 'double' to 'float', possible loss of data
     1>c:\users\arabm\desktop\4 uni\c++ project\filtre de chebyshev +++\filtre de chebychev +++\filtre de chebychev +++\0001.cpp(145): warning C4244: 'initializing': conversion from 'double' to 'int', possible loss of data
     1>c:\users\arabm\desktop\4 uni\c++ project\filtre de chebyshev +++\filtre de chebychev +++\filtre de chebychev +++\0001.cpp(145): warning C4244: '+=': conversion from 'double' to 'int', possible loss of data
     1>c:\users\arabm\desktop\4 uni\c++ project\filtre de chebyshev +++\filtre de chebychev +++\filtre de chebychev +++\0001.cpp(153): warning C4244: 'initializing': conversion from 'float' to 'int', possible loss of data
     1>c:\users\arabm\desktop\4 uni\c++ project\filtre de chebyshev +++\filtre de chebychev +++\filtre de chebychev +++\0001.cpp(153): warning C4244: '+=': conversion from 'float' to 'int', possible loss of data
       Link:
         C:\Program Files (x86)\Microsoft Visual Studio 14.0\VC\bin\link.exe /ERRORREPORT:PROMPT /OUT:"C:\Users\arabm\Desktop\4 Uni\C++ Project\filtre de chebyshev +++\filtre de chebychev +++\Debug\filtre de chebychev +++.exe" /INCREMENTAL /NOLOGO kernel32.lib user32.lib gdi32.lib winspool.lib comdlg32.lib advapi32.lib shell32.lib ole32.lib oleaut32.lib uuid.lib odbc32.lib odbccp32.lib /MANIFEST /MANIFESTUAC:"level='asInvoker' uiAccess='false'" /manifest:embed /Debug /PDB:"C:\Users\arabm\Desktop\4 Uni\C++ Project\filtre de chebyshev +++\filtre de chebychev +++\Debug\filtre de chebychev +++.pdb" /TLBID:1 /DYNAMICBASE /NXCOMPAT /IMPLIB:"C:\Users\arabm\Desktop\4 Uni\C++ Project\filtre de chebyshev +++\filtre de chebychev +++\Debug\filtre de chebychev +++.lib" /MACHINE:X86 Debug\0001.obj
         filtre de chebychev +++.vcxproj -> C:\Users\arabm\Desktop\4 Uni\C++ Project\filtre de chebyshev +++\filtre de chebychev +++\Debug\filtre de chebychev +++.exe
     1>Done Building Project "C:\Users\arabm\Desktop\4 Uni\C++ Project\filtre de chebyshev +++\filtre de chebychev +++\filtre de chebychev +++\filtre de chebychev +++.vcxproj" (Rebuild target(s)).

Build succeeded.

Time Elapsed 00:00:06.58
